BLOCKCHAIN SERVICE ERRORS LOG
================================

Error Type: ENS (Ethereum Name Service) Error on Avalanche Network
Network: Avalanche (chainId: 43114)
Service: BlockchainService.getCloseToMigrations()
File: frontend/lib/blockchain.ts (line 356)

ERROR DETAILS:
--------------
Error: network does not support ENS (operation="getEnsAddress", info={ "network": { "chainId": "43114", "name": "unknown" } }, code=UNSUPPORTED_OPERATION, version=6.14.4)

Stack Trace:
    at makeError (webpack-internal:///(rsc)/./node_modules/ethers/lib.esm/utils/errors.js:142:21)
    at assert (webpack-internal:///(rsc)/./node_modules/ethers/lib.esm/utils/errors.js:164:15)
    at EnsResolver.getEnsAddress (webpack-internal:///(rsc)/./node_modules/ethers/lib.esm/providers/ens-resolver.js:557:64)
    at process.processTicksAndRejections (node:internal/process/task_queues:105:5)
    at async #getResolver (webpack-internal:///(rsc)/./node_modules/ethers/lib.esm/providers/ens-resolver.js:566:25)
    at async EnsResolver.fromName (webpack-internal:///(rsc)/./node_modules/ethers/lib.esm/providers/ens-resolver.js:600:26)
    at async JsonRpcProvider.getResolver (webpack-internal:///(rsc)/./node_modules/ethers/lib.esm/providers/abstract-provider.js:974:16)
    at async JsonRpcProvider.resolveName (webpack-internal:///(rsc)/./node_modules/ethers/lib.esm/providers/abstract-provider.js:984:26)
    at async Proxy.queryFilter (webpack-internal:///(rsc)/./node_modules/ethers/lib.esm/contract/contract.js:803:39)
    at async BlockchainService.getCloseToMigrations (webpack-internal:///(rsc)/./lib/blockchain.ts:356:28)
    at async GET (webpack-internal:///(rsc)/./app/api/explore/close-to-migrations/route.ts:13:35)

PROBLEM DESCRIPTION:
-------------------
1. The blockchain service is trying to query TokenCreated events from the Avalanche network (chainId: 43114)
2. The ethers.js library is attempting to resolve ENS names, but Avalanche doesn't support ENS
3. This error occurs repeatedly when calling contract.queryFilter() on the launcher contract
4. The error happens specifically at line 356 in blockchain.ts during the getCloseToMigrations() method

CURRENT CONFIGURATION:
---------------------
- Network: Avalanche (chainId: 43114)
- Launcher Contract: 0x8315f1eb449Dd4B779495C3A0b05e5d194446c6e
- Arena Factory: 0xF16784dcAf838a3e16bEF7711a62D12413c39BD1
- WAVAX Address: 0xB31f66AA3C1e785363F0875A1B74E27b85FD66c7

CODE LOCATION:
--------------
File: frontend/lib/blockchain.ts
Method: BlockchainService.getCloseToMigrations()
Line: 356 (const events = await contract.queryFilter(filter, fromBlock, currentBlock))

FREQUENCY:
----------
This error repeats continuously, causing the API endpoint to fail repeatedly.

NEEDED SOLUTION:
---------------
The ethers.js provider needs to be configured to NOT attempt ENS resolution when working with Avalanche network, 
or the contract calls need to be structured to avoid triggering ENS resolution attempts. 